[INFO] [pyani.scripts.pyani_script]: Processed arguments: Namespace(version=False, citation=False, logfile=PosixPath('../input/connected_components/4/output.log'), verbose=True, debug=False, disable_tqdm=False, scheduler='multiprocessing', workers=None, sgegroupsize=10000, sgeargs=None, jobprefix='PYANI', name='4', classes=PosixPath('../input/connected_components/4/custom_classes.txt'), labels=PosixPath('../input/connected_components/4/custom_labels.txt'), recovery=False, indir=PosixPath('../input/connected_components/4'), outdir=PosixPath('../input/connected_components/4/output'), dbpath=PosixPath('.pyani/pyanidb'), nucmer_exe=PosixPath('nucmer'), filter_exe=PosixPath('delta-filter'), maxmatch=False, nofilter=False, func=<function subcmd_anim at 0x115482d30>)
[INFO] [pyani.scripts.pyani_script]: command-line: /opt/anaconda3/envs/phd/bin/pyani anim -i ../input/connected_components/4 -o ../input/connected_components/4/output -v -l ../input/connected_components/4/output.log --name 4 --labels ../input/connected_components/4/custom_labels.txt --classes ../input/connected_components/4/custom_classes.txt
[INFO] [pyani.scripts.pyani_script]: pyani version: 0.3.0-alpha
[INFO] [pyani.scripts.pyani_script]: CITATION INFO
[INFO] [pyani.scripts.pyani_script]: If you use pyani in your work, please cite the following publication:
[INFO] [pyani.scripts.pyani_script]: 	Pritchard, L., Glover, R. H., Humphris, S., Elphinstone, J. G.,
[INFO] [pyani.scripts.pyani_script]: 	& Toth, I.K. (2016) 'Genomics and taxonomy in diagnostics for
[INFO] [pyani.scripts.pyani_script]: 	food security: soft-rotting enterobacterial plant pathogens.'
[INFO] [pyani.scripts.pyani_script]: 	Analytical Methods, 8(1), 12–24. http://doi.org/10.1039/C5AY02550H
[INFO] [pyani.scripts.pyani_script]: DEPENDENCIES
[INFO] [pyani.scripts.pyani_script]: The authors of pyani gratefully acknowledge its dependence on
[INFO] [pyani.scripts.pyani_script]: the following bioinformatics software:
[INFO] [pyani.scripts.pyani_script]: 	MUMmer3: S. Kurtz, A. Phillippy, A.L. Delcher, M. Smoot, M. Shumway,
[INFO] [pyani.scripts.pyani_script]: 	C. Antonescu, and S.L. Salzberg (2004), 'Versatile and open software
[INFO] [pyani.scripts.pyani_script]: 	for comparing large genomes' Genome Biology 5:R12
[INFO] [pyani.scripts.pyani_script]: 	BLAST+: Camacho C., Coulouris G., Avagyan V., Ma N., Papadopoulos J.,
[INFO] [pyani.scripts.pyani_script]: 	Bealer K., & Madden T.L. (2008) 'BLAST+: architecture and applications.'
[INFO] [pyani.scripts.pyani_script]: 	BMC Bioinformatics 10:421.
[INFO] [pyani.scripts.pyani_script]: 	BLAST: Altschul, S.F., Madden, T.L., Schäffer, A.A., Zhang, J.,
[INFO] [pyani.scripts.pyani_script]: 	Zhang, Z., Miller, W. & Lipman, D.J. (1997) 'Gapped BLAST and PSI-BLAST:
[INFO] [pyani.scripts.pyani_script]: 	a new generation of protein database search programs.' Nucleic Acids Res.
[INFO] [pyani.scripts.pyani_script]: 	25:3389-3402
[INFO] [pyani.scripts.pyani_script]: 	Biopython: Cock PA, Antao T, Chang JT, Chapman BA, Cox CJ, Dalke A,
[INFO] [pyani.scripts.pyani_script]: 	Friedberg I, Hamelryck T, Kauff F, Wilczynski B and de Hoon MJL
[INFO] [pyani.scripts.pyani_script]: 	(2009) Biopython: freely available Python tools for computational
[INFO] [pyani.scripts.pyani_script]: 	molecular biology and bioinformatics. Bioinformatics, 25, 1422-1423
[INFO] [pyani.scripts.subcommands.subcmd_anim]: Running ANIm analysis
[INFO] [pyani.scripts.subcommands.subcmd_anim]: MUMMer nucmer version: Darwin_3.1 (/opt/anaconda3/envs/phd/bin/nucmer)
[INFO] [pyani.scripts.subcommands.subcmd_anim]: Analysis name: 4
[INFO] [pyani.pyani_files]: Checking for hashfile: ../input/connected_components/4/GCF_000720675.1_ASM72067v1_genomic.fna.md5.
[INFO] [pyani.pyani_files]: Checking for hashfile: ../input/connected_components/4/GCF_000972435.1_StrepMBT28_1.0_genomic.fna.md5.
[INFO] [pyani.pyani_files]: Checking for hashfile: ../input/connected_components/4/GCF_001905385.1_ASM190538v1_genomic.fna.md5.
[INFO] [pyani.pyani_files]: Checking for hashfile: ../input/connected_components/4/GCF_003116795.1_ASM311679v1_genomic.fna.md5.
[INFO] [pyani.pyani_files]: Checking for hashfile: ../input/connected_components/4/GCF_003671715.1_ASM367171v1_genomic.fna.md5.
[INFO] [pyani.pyani_files]: Checking for hashfile: ../input/connected_components/4/GCF_003949835.1_ASM394983v1_genomic.fna.md5.
[INFO] [pyani.pyani_files]: Checking for hashfile: ../input/connected_components/4/GCF_003949905.1_ASM394990v1_genomic.fna.md5.
[INFO] [pyani.pyani_files]: Checking for hashfile: ../input/connected_components/4/GCF_003984905.1_ASM398490v1_genomic.fna.md5.
[INFO] [pyani.pyani_files]: Checking for hashfile: ../input/connected_components/4/GCF_003984925.1_ASM398492v1_genomic.fna.md5.
[INFO] [pyani.pyani_files]: Checking for hashfile: ../input/connected_components/4/GCF_003984935.1_ASM398493v1_genomic.fna.md5.
[INFO] [pyani.pyani_files]: Checking for hashfile: ../input/connected_components/4/GCF_003984965.1_ASM398496v1_genomic.fna.md5.
[INFO] [pyani.pyani_files]: Checking for hashfile: ../input/connected_components/4/GCF_003984975.1_ASM398497v1_genomic.fna.md5.
[INFO] [pyani.pyani_files]: Checking for hashfile: ../input/connected_components/4/GCF_004364245.1_ASM436424v1_genomic.fna.md5.
[INFO] [pyani.pyani_files]: Checking for hashfile: ../input/connected_components/4/GCF_004795715.1_ASM479571v1_genomic.fna.md5.
[INFO] [pyani.pyani_files]: Checking for hashfile: ../input/connected_components/4/GCF_005490965.1_ASM549096v1_genomic.fna.md5.
[INFO] [pyani.pyani_files]: Checking for hashfile: ../input/connected_components/4/GCF_008704515.1_ASM870451v1_genomic.fna.md5.
[INFO] [pyani.pyani_files]: Checking for hashfile: ../input/connected_components/4/GCF_009829585.1_ASM982958v1_genomic.fna.md5.
[INFO] [pyani.pyani_files]: Checking for hashfile: ../input/connected_components/4/GCF_010550405.1_ASM1055040v1_genomic.fna.md5.
[INFO] [pyani.pyani_files]: Checking for hashfile: ../input/connected_components/4/GCF_013363575.1_ASM1336357v1_genomic.fna.md5.
[INFO] [pyani.pyani_files]: Checking for hashfile: ../input/connected_components/4/GCF_014650135.1_ASM1465013v1_genomic.fna.md5.
[INFO] [pyani.pyani_files]: Checking for hashfile: ../input/connected_components/4/GCF_014650435.1_ASM1465043v1_genomic.fna.md5.
[INFO] [pyani.pyani_files]: Checking for hashfile: ../input/connected_components/4/GCF_018070055.1_ASM1807005v1_genomic.fna.md5.
[INFO] [pyani.pyani_files]: Checking for hashfile: ../input/connected_components/4/GCF_018070125.1_ASM1807012v1_genomic.fna.md5.
[INFO] [pyani.pyani_files]: Checking for hashfile: ../input/connected_components/4/GCF_018070535.1_ASM1807053v1_genomic.fna.md5.
[INFO] [pyani.pyani_files]: Checking for hashfile: ../input/connected_components/4/GCF_019049125.1_ASM1904912v1_genomic.fna.md5.
[INFO] [pyani.scripts.subcommands.subcmd_anim]: Generating ANIm command-lines
[INFO] [pyani.scripts.subcommands.subcmd_anim]: Compiling genomes for comparison
[INFO] [pyani.scripts.subcommands.subcmd_anim]: Compiling pairwise comparisons (this can take time for large datasets)...
[INFO] [pyani.scripts.subcommands.subcmd_anim]: 	...total pairwise comparisons to be performed: 300
[INFO] [pyani.scripts.subcommands.subcmd_anim]: Checking database for existing comparison data...
[INFO] [pyani.scripts.subcommands.subcmd_anim]: 	...after check, still need to run 300 comparisons
[INFO] [pyani.scripts.subcommands.subcmd_anim]: Creating NUCmer jobs for ANIm
[INFO] [pyani.scripts.subcommands.subcmd_anim]: Results not found for 300 comparisons; 300 new jobs built.
[INFO] [pyani.scripts.subcommands.subcmd_anim]: Running jobs with multiprocessing
[INFO] [pyani.scripts.subcommands.subcmd_anim]: Multiprocessing run completed without error
[INFO] [pyani.scripts.subcommands.subcmd_anim]: ...jobs complete
[INFO] [pyani.scripts.subcommands.subcmd_anim]: Adding comparison results to database...
[INFO] [pyani.scripts.subcommands.subcmd_anim]: ...database updated.
[INFO] [pyani.scripts.pyani_script]: Completed. Time taken: 1282.949
