[INFO] [pyani.scripts.pyani_script]: Processed arguments: Namespace(version=False, citation=False, logfile=PosixPath('../input/shared_NCBI_names/Streptomyces_albidoflavus/output.log'), verbose=True, debug=False, disable_tqdm=False, scheduler='multiprocessing', workers=None, sgegroupsize=10000, sgeargs=None, jobprefix='PYANI', name='Streptomyces_albidoflavus', classes=PosixPath('../input/shared_NCBI_names/Streptomyces_albidoflavus/custom_classes.txt'), labels=PosixPath('../input/shared_NCBI_names/Streptomyces_albidoflavus/custom_labels.txt'), recovery=False, indir=PosixPath('../input/shared_NCBI_names/Streptomyces_albidoflavus'), outdir=PosixPath('../input/shared_NCBI_names/Streptomyces_albidoflavus/output'), dbpath=PosixPath('.pyani/pyanidb'), nucmer_exe=PosixPath('nucmer'), filter_exe=PosixPath('delta-filter'), maxmatch=False, nofilter=False, func=<function subcmd_anim at 0x10dae5d30>)
[INFO] [pyani.scripts.pyani_script]: command-line: /opt/anaconda3/envs/phd/bin/pyani anim -i ../input/shared_NCBI_names/Streptomyces_albidoflavus -o ../input/shared_NCBI_names/Streptomyces_albidoflavus/output -v -l ../input/shared_NCBI_names/Streptomyces_albidoflavus/output.log --name Streptomyces_albidoflavus --labels ../input/shared_NCBI_names/Streptomyces_albidoflavus/custom_labels.txt --classes ../input/shared_NCBI_names/Streptomyces_albidoflavus/custom_classes.txt
[INFO] [pyani.scripts.pyani_script]: pyani version: 0.3.0-alpha
[INFO] [pyani.scripts.pyani_script]: CITATION INFO
[INFO] [pyani.scripts.pyani_script]: If you use pyani in your work, please cite the following publication:
[INFO] [pyani.scripts.pyani_script]: 	Pritchard, L., Glover, R. H., Humphris, S., Elphinstone, J. G.,
[INFO] [pyani.scripts.pyani_script]: 	& Toth, I.K. (2016) 'Genomics and taxonomy in diagnostics for
[INFO] [pyani.scripts.pyani_script]: 	food security: soft-rotting enterobacterial plant pathogens.'
[INFO] [pyani.scripts.pyani_script]: 	Analytical Methods, 8(1), 12–24. http://doi.org/10.1039/C5AY02550H
[INFO] [pyani.scripts.pyani_script]: DEPENDENCIES
[INFO] [pyani.scripts.pyani_script]: The authors of pyani gratefully acknowledge its dependence on
[INFO] [pyani.scripts.pyani_script]: the following bioinformatics software:
[INFO] [pyani.scripts.pyani_script]: 	MUMmer3: S. Kurtz, A. Phillippy, A.L. Delcher, M. Smoot, M. Shumway,
[INFO] [pyani.scripts.pyani_script]: 	C. Antonescu, and S.L. Salzberg (2004), 'Versatile and open software
[INFO] [pyani.scripts.pyani_script]: 	for comparing large genomes' Genome Biology 5:R12
[INFO] [pyani.scripts.pyani_script]: 	BLAST+: Camacho C., Coulouris G., Avagyan V., Ma N., Papadopoulos J.,
[INFO] [pyani.scripts.pyani_script]: 	Bealer K., & Madden T.L. (2008) 'BLAST+: architecture and applications.'
[INFO] [pyani.scripts.pyani_script]: 	BMC Bioinformatics 10:421.
[INFO] [pyani.scripts.pyani_script]: 	BLAST: Altschul, S.F., Madden, T.L., Schäffer, A.A., Zhang, J.,
[INFO] [pyani.scripts.pyani_script]: 	Zhang, Z., Miller, W. & Lipman, D.J. (1997) 'Gapped BLAST and PSI-BLAST:
[INFO] [pyani.scripts.pyani_script]: 	a new generation of protein database search programs.' Nucleic Acids Res.
[INFO] [pyani.scripts.pyani_script]: 	25:3389-3402
[INFO] [pyani.scripts.pyani_script]: 	Biopython: Cock PA, Antao T, Chang JT, Chapman BA, Cox CJ, Dalke A,
[INFO] [pyani.scripts.pyani_script]: 	Friedberg I, Hamelryck T, Kauff F, Wilczynski B and de Hoon MJL
[INFO] [pyani.scripts.pyani_script]: 	(2009) Biopython: freely available Python tools for computational
[INFO] [pyani.scripts.pyani_script]: 	molecular biology and bioinformatics. Bioinformatics, 25, 1422-1423
[INFO] [pyani.scripts.subcommands.subcmd_anim]: Running ANIm analysis
[INFO] [pyani.scripts.subcommands.subcmd_anim]: MUMMer nucmer version: Darwin_3.1 (/opt/anaconda3/envs/phd/bin/nucmer)
[INFO] [pyani.scripts.subcommands.subcmd_anim]: Analysis name: Streptomyces_albidoflavus
[INFO] [pyani.pyani_files]: Checking for hashfile: ../input/shared_NCBI_names/Streptomyces_albidoflavus/GCF_000359525.1_ASM35952v1_genomic.fna.md5.
[INFO] [pyani.pyani_files]: Checking for hashfile: ../input/shared_NCBI_names/Streptomyces_albidoflavus/GCF_000719495.1_ASM71949v1_genomic.fna.md5.
[INFO] [pyani.pyani_files]: Checking for hashfile: ../input/shared_NCBI_names/Streptomyces_albidoflavus/GCF_001509565.1_ASM150956v1_genomic.fna.md5.
[INFO] [pyani.pyani_files]: Checking for hashfile: ../input/shared_NCBI_names/Streptomyces_albidoflavus/GCF_001865795.1_ASM186579v1_genomic.fna.md5.
[INFO] [pyani.pyani_files]: Checking for hashfile: ../input/shared_NCBI_names/Streptomyces_albidoflavus/GCF_002289335.1_CMB-CS132_genomic.fna.md5.
[INFO] [pyani.pyani_files]: Checking for hashfile: ../input/shared_NCBI_names/Streptomyces_albidoflavus/GCF_002317005.1_CMB-CS038_genomic.fna.md5.
[INFO] [pyani.pyani_files]: Checking for hashfile: ../input/shared_NCBI_names/Streptomyces_albidoflavus/GCF_002317025.1_CMB-CS138_genomic.fna.md5.
[INFO] [pyani.pyani_files]: Checking for hashfile: ../input/shared_NCBI_names/Streptomyces_albidoflavus/GCF_004078575.1_ASM407857v1_genomic.fna.md5.
[INFO] [pyani.pyani_files]: Checking for hashfile: ../input/shared_NCBI_names/Streptomyces_albidoflavus/GCF_004195735.1_ASM419573v1_genomic.fna.md5.
[INFO] [pyani.pyani_files]: Checking for hashfile: ../input/shared_NCBI_names/Streptomyces_albidoflavus/GCF_004195745.1_ASM419574v1_genomic.fna.md5.
[INFO] [pyani.pyani_files]: Checking for hashfile: ../input/shared_NCBI_names/Streptomyces_albidoflavus/GCF_004195755.1_ASM419575v1_genomic.fna.md5.
[INFO] [pyani.pyani_files]: Checking for hashfile: ../input/shared_NCBI_names/Streptomyces_albidoflavus/GCF_004195845.1_ASM419584v1_genomic.fna.md5.
[INFO] [pyani.pyani_files]: Checking for hashfile: ../input/shared_NCBI_names/Streptomyces_albidoflavus/GCF_004195855.1_ASM419585v1_genomic.fna.md5.
[INFO] [pyani.pyani_files]: Checking for hashfile: ../input/shared_NCBI_names/Streptomyces_albidoflavus/GCF_004195885.1_ASM419588v1_genomic.fna.md5.
[INFO] [pyani.pyani_files]: Checking for hashfile: ../input/shared_NCBI_names/Streptomyces_albidoflavus/GCF_004195895.1_ASM419589v1_genomic.fna.md5.
[INFO] [pyani.pyani_files]: Checking for hashfile: ../input/shared_NCBI_names/Streptomyces_albidoflavus/GCF_004195935.1_ASM419593v1_genomic.fna.md5.
[INFO] [pyani.pyani_files]: Checking for hashfile: ../input/shared_NCBI_names/Streptomyces_albidoflavus/GCF_004195945.1_ASM419594v1_genomic.fna.md5.
[INFO] [pyani.pyani_files]: Checking for hashfile: ../input/shared_NCBI_names/Streptomyces_albidoflavus/GCF_004195955.1_ASM419595v1_genomic.fna.md5.
[INFO] [pyani.pyani_files]: Checking for hashfile: ../input/shared_NCBI_names/Streptomyces_albidoflavus/GCF_004195965.1_ASM419596v1_genomic.fna.md5.
[INFO] [pyani.pyani_files]: Checking for hashfile: ../input/shared_NCBI_names/Streptomyces_albidoflavus/GCF_004195995.1_ASM419599v1_genomic.fna.md5.
[INFO] [pyani.pyani_files]: Checking for hashfile: ../input/shared_NCBI_names/Streptomyces_albidoflavus/GCF_004196035.1_ASM419603v1_genomic.fna.md5.
[INFO] [pyani.pyani_files]: Checking for hashfile: ../input/shared_NCBI_names/Streptomyces_albidoflavus/GCF_004196145.1_ASM419614v1_genomic.fna.md5.
[INFO] [pyani.pyani_files]: Checking for hashfile: ../input/shared_NCBI_names/Streptomyces_albidoflavus/GCF_004196155.1_ASM419615v1_genomic.fna.md5.
[INFO] [pyani.pyani_files]: Checking for hashfile: ../input/shared_NCBI_names/Streptomyces_albidoflavus/GCF_007896905.1_ASM789690v1_genomic.fna.md5.
[INFO] [pyani.pyani_files]: Checking for hashfile: ../input/shared_NCBI_names/Streptomyces_albidoflavus/GCF_013693715.1_ASM1369371v1_genomic.fna.md5.
[INFO] [pyani.pyani_files]: Checking for hashfile: ../input/shared_NCBI_names/Streptomyces_albidoflavus/GCF_015601545.1_ASM1560154v1_genomic.fna.md5.
[INFO] [pyani.pyani_files]: Checking for hashfile: ../input/shared_NCBI_names/Streptomyces_albidoflavus/GCF_900171555.1_Salb_genomic.fna.md5.
[INFO] [pyani.scripts.subcommands.subcmd_anim]: Generating ANIm command-lines
[INFO] [pyani.scripts.subcommands.subcmd_anim]: Compiling genomes for comparison
[INFO] [pyani.scripts.subcommands.subcmd_anim]: Compiling pairwise comparisons (this can take time for large datasets)...
[INFO] [pyani.scripts.subcommands.subcmd_anim]: 	...total pairwise comparisons to be performed: 351
[INFO] [pyani.scripts.subcommands.subcmd_anim]: Checking database for existing comparison data...
[INFO] [pyani.scripts.subcommands.subcmd_anim]: 	...after check, still need to run 0 comparisons
[INFO] [pyani.scripts.subcommands.subcmd_anim]: All comparison results present in database (skipping comparisons)
[INFO] [pyani.scripts.subcommands.subcmd_anim]: Updating summary matrices with existing results
[INFO] [pyani.scripts.pyani_script]: Completed. Time taken: 15.841
