[INFO] [pyani.scripts.pyani_script]: Processed arguments: Namespace(version=False, citation=False, logfile=PosixPath('../input/connected_components/2/output.log'), verbose=True, debug=False, disable_tqdm=False, scheduler='multiprocessing', workers=None, sgegroupsize=10000, sgeargs=None, jobprefix='PYANI', name='2', classes=PosixPath('../input/connected_components/2/custom_classes.txt'), labels=PosixPath('../input/connected_components/2/custom_labels.txt'), recovery=False, indir=PosixPath('../input/connected_components/2'), outdir=PosixPath('../input/connected_components/2/output'), dbpath=PosixPath('.pyani/pyanidb'), nucmer_exe=PosixPath('nucmer'), filter_exe=PosixPath('delta-filter'), maxmatch=False, nofilter=False, func=<function subcmd_anim at 0x113bedd30>)
[INFO] [pyani.scripts.pyani_script]: command-line: /opt/anaconda3/envs/phd/bin/pyani anim -i ../input/connected_components/2 -o ../input/connected_components/2/output -v -l ../input/connected_components/2/output.log --name 2 --labels ../input/connected_components/2/custom_labels.txt --classes ../input/connected_components/2/custom_classes.txt
[INFO] [pyani.scripts.pyani_script]: pyani version: 0.3.0-alpha
[INFO] [pyani.scripts.pyani_script]: CITATION INFO
[INFO] [pyani.scripts.pyani_script]: If you use pyani in your work, please cite the following publication:
[INFO] [pyani.scripts.pyani_script]: 	Pritchard, L., Glover, R. H., Humphris, S., Elphinstone, J. G.,
[INFO] [pyani.scripts.pyani_script]: 	& Toth, I.K. (2016) 'Genomics and taxonomy in diagnostics for
[INFO] [pyani.scripts.pyani_script]: 	food security: soft-rotting enterobacterial plant pathogens.'
[INFO] [pyani.scripts.pyani_script]: 	Analytical Methods, 8(1), 12–24. http://doi.org/10.1039/C5AY02550H
[INFO] [pyani.scripts.pyani_script]: DEPENDENCIES
[INFO] [pyani.scripts.pyani_script]: The authors of pyani gratefully acknowledge its dependence on
[INFO] [pyani.scripts.pyani_script]: the following bioinformatics software:
[INFO] [pyani.scripts.pyani_script]: 	MUMmer3: S. Kurtz, A. Phillippy, A.L. Delcher, M. Smoot, M. Shumway,
[INFO] [pyani.scripts.pyani_script]: 	C. Antonescu, and S.L. Salzberg (2004), 'Versatile and open software
[INFO] [pyani.scripts.pyani_script]: 	for comparing large genomes' Genome Biology 5:R12
[INFO] [pyani.scripts.pyani_script]: 	BLAST+: Camacho C., Coulouris G., Avagyan V., Ma N., Papadopoulos J.,
[INFO] [pyani.scripts.pyani_script]: 	Bealer K., & Madden T.L. (2008) 'BLAST+: architecture and applications.'
[INFO] [pyani.scripts.pyani_script]: 	BMC Bioinformatics 10:421.
[INFO] [pyani.scripts.pyani_script]: 	BLAST: Altschul, S.F., Madden, T.L., Schäffer, A.A., Zhang, J.,
[INFO] [pyani.scripts.pyani_script]: 	Zhang, Z., Miller, W. & Lipman, D.J. (1997) 'Gapped BLAST and PSI-BLAST:
[INFO] [pyani.scripts.pyani_script]: 	a new generation of protein database search programs.' Nucleic Acids Res.
[INFO] [pyani.scripts.pyani_script]: 	25:3389-3402
[INFO] [pyani.scripts.pyani_script]: 	Biopython: Cock PA, Antao T, Chang JT, Chapman BA, Cox CJ, Dalke A,
[INFO] [pyani.scripts.pyani_script]: 	Friedberg I, Hamelryck T, Kauff F, Wilczynski B and de Hoon MJL
[INFO] [pyani.scripts.pyani_script]: 	(2009) Biopython: freely available Python tools for computational
[INFO] [pyani.scripts.pyani_script]: 	molecular biology and bioinformatics. Bioinformatics, 25, 1422-1423
[INFO] [pyani.scripts.subcommands.subcmd_anim]: Running ANIm analysis
[INFO] [pyani.scripts.subcommands.subcmd_anim]: MUMMer nucmer version: Darwin_3.1 (/opt/anaconda3/envs/phd/bin/nucmer)
[INFO] [pyani.scripts.subcommands.subcmd_anim]: Analysis name: 2
[INFO] [pyani.pyani_files]: Checking for hashfile: ../input/connected_components/2/GCF_000261345.2_ASM26134v2_genomic.fna.md5.
[INFO] [pyani.pyani_files]: Checking for hashfile: ../input/connected_components/2/GCF_000498935.1_HCCB10043_genomic.fna.md5.
[INFO] [pyani.pyani_files]: Checking for hashfile: ../input/connected_components/2/GCF_000698495.1_NTK937_genomic.fna.md5.
[INFO] [pyani.pyani_files]: Checking for hashfile: ../input/connected_components/2/GCF_000719355.1_ASM71935v1_genomic.fna.md5.
[INFO] [pyani.pyani_files]: Checking for hashfile: ../input/connected_components/2/GCF_000721185.1_ASM72118v1_genomic.fna.md5.
[INFO] [pyani.pyani_files]: Checking for hashfile: ../input/connected_components/2/GCF_000743295.1_ASM74329v1_genomic.fna.md5.
[INFO] [pyani.pyani_files]: Checking for hashfile: ../input/connected_components/2/GCF_001746305.1_ASM174630v1_genomic.fna.md5.
[INFO] [pyani.pyani_files]: Checking for hashfile: ../input/connected_components/2/GCF_001751305.1_ASM175130v1_genomic.fna.md5.
[INFO] [pyani.pyani_files]: Checking for hashfile: ../input/connected_components/2/GCF_001905405.1_ASM190540v1_genomic.fna.md5.
[INFO] [pyani.pyani_files]: Checking for hashfile: ../input/connected_components/2/GCF_001905785.1_ASM190578v1_genomic.fna.md5.
[INFO] [pyani.pyani_files]: Checking for hashfile: ../input/connected_components/2/GCF_002154385.1_ASM215438v1_genomic.fna.md5.
[INFO] [pyani.pyani_files]: Checking for hashfile: ../input/connected_components/2/GCF_002217715.1_ASM221771v1_genomic.fna.md5.
[INFO] [pyani.pyani_files]: Checking for hashfile: ../input/connected_components/2/GCF_002551105.1_ASM255110v1_genomic.fna.md5.
[INFO] [pyani.pyani_files]: Checking for hashfile: ../input/connected_components/2/GCF_002551135.1_ASM255113v1_genomic.fna.md5.
[INFO] [pyani.pyani_files]: Checking for hashfile: ../input/connected_components/2/GCF_002551175.1_ASM255117v1_genomic.fna.md5.
[INFO] [pyani.pyani_files]: Checking for hashfile: ../input/connected_components/2/GCF_002551335.1_ASM255133v1_genomic.fna.md5.
[INFO] [pyani.pyani_files]: Checking for hashfile: ../input/connected_components/2/GCF_002551345.1_ASM255134v1_genomic.fna.md5.
[INFO] [pyani.pyani_files]: Checking for hashfile: ../input/connected_components/2/GCF_002551375.1_ASM255137v1_genomic.fna.md5.
[INFO] [pyani.pyani_files]: Checking for hashfile: ../input/connected_components/2/GCF_002551415.1_ASM255141v1_genomic.fna.md5.
[INFO] [pyani.pyani_files]: Checking for hashfile: ../input/connected_components/2/GCF_002551435.1_ASM255143v1_genomic.fna.md5.
[INFO] [pyani.pyani_files]: Checking for hashfile: ../input/connected_components/2/GCF_002551475.1_ASM255147v1_genomic.fna.md5.
[INFO] [pyani.pyani_files]: Checking for hashfile: ../input/connected_components/2/GCF_002705695.1_ASM270569v1_genomic.fna.md5.
[INFO] [pyani.pyani_files]: Checking for hashfile: ../input/connected_components/2/GCF_002803175.1_ASM280317v1_genomic.fna.md5.
[INFO] [pyani.pyani_files]: Checking for hashfile: ../input/connected_components/2/GCF_002804165.1_ASM280416v1_genomic.fna.md5.
[INFO] [pyani.pyani_files]: Checking for hashfile: ../input/connected_components/2/GCF_002832675.1_ASM283267v1_genomic.fna.md5.
[INFO] [pyani.pyani_files]: Checking for hashfile: ../input/connected_components/2/GCF_002910775.2_ASM291077v2_genomic.fna.md5.
[INFO] [pyani.pyani_files]: Checking for hashfile: ../input/connected_components/2/GCF_003024215.1_ASM302421v1_genomic.fna.md5.
[INFO] [pyani.pyani_files]: Checking for hashfile: ../input/connected_components/2/GCF_003116755.1_ASM311675v1_genomic.fna.md5.
[INFO] [pyani.pyani_files]: Checking for hashfile: ../input/connected_components/2/GCF_003116775.1_ASM311677v1_genomic.fna.md5.
[INFO] [pyani.pyani_files]: Checking for hashfile: ../input/connected_components/2/GCF_003147545.1_ASM314754v1_genomic.fna.md5.
[INFO] [pyani.pyani_files]: Checking for hashfile: ../input/connected_components/2/GCF_003330865.1_ASM333086v1_genomic.fna.md5.
[INFO] [pyani.pyani_files]: Checking for hashfile: ../input/connected_components/2/GCF_003352445.1_ASM335244v1_genomic.fna.md5.
[INFO] [pyani.pyani_files]: Checking for hashfile: ../input/connected_components/2/GCF_003353555.1_ASM335355v1_genomic.fna.md5.
[INFO] [pyani.pyani_files]: Checking for hashfile: ../input/connected_components/2/GCF_003949895.1_ASM394989v1_genomic.fna.md5.
[INFO] [pyani.pyani_files]: Checking for hashfile: ../input/connected_components/2/GCF_003989035.1_ASM398903v1_genomic.fna.md5.
[INFO] [pyani.pyani_files]: Checking for hashfile: ../input/connected_components/2/GCF_004000405.1_ASM400040v1_genomic.fna.md5.
[INFO] [pyani.pyani_files]: Checking for hashfile: ../input/connected_components/2/GCF_006788935.1_ASM678893v1_genomic.fna.md5.
[INFO] [pyani.pyani_files]: Checking for hashfile: ../input/connected_components/2/GCF_008180165.1_ASM818016v1_genomic.fna.md5.
[INFO] [pyani.pyani_files]: Checking for hashfile: ../input/connected_components/2/GCF_008632535.1_ASM863253v1_genomic.fna.md5.
[INFO] [pyani.pyani_files]: Checking for hashfile: ../input/connected_components/2/GCF_009811575.1_ASM981157v1_genomic.fna.md5.
[INFO] [pyani.pyani_files]: Checking for hashfile: ../input/connected_components/2/GCF_009862465.1_ASM986246v1_genomic.fna.md5.
[INFO] [pyani.pyani_files]: Checking for hashfile: ../input/connected_components/2/GCF_009863145.1_ASM986314v1_genomic.fna.md5.
[INFO] [pyani.pyani_files]: Checking for hashfile: ../input/connected_components/2/GCF_009863235.1_ASM986323v1_genomic.fna.md5.
[INFO] [pyani.pyani_files]: Checking for hashfile: ../input/connected_components/2/GCF_009864905.1_ASM986490v1_genomic.fna.md5.
[INFO] [pyani.pyani_files]: Checking for hashfile: ../input/connected_components/2/GCF_009865365.1_ASM986536v1_genomic.fna.md5.
[INFO] [pyani.pyani_files]: Checking for hashfile: ../input/connected_components/2/GCF_009872565.1_ASM987256v1_genomic.fna.md5.
[INFO] [pyani.pyani_files]: Checking for hashfile: ../input/connected_components/2/GCF_010548175.1_ASM1054817v1_genomic.fna.md5.
[INFO] [pyani.pyani_files]: Checking for hashfile: ../input/connected_components/2/GCF_010548665.1_ASM1054866v1_genomic.fna.md5.
[INFO] [pyani.pyani_files]: Checking for hashfile: ../input/connected_components/2/GCF_013363455.1_ASM1336345v1_genomic.fna.md5.
[INFO] [pyani.pyani_files]: Checking for hashfile: ../input/connected_components/2/GCF_013363475.1_ASM1336347v1_genomic.fna.md5.
[INFO] [pyani.pyani_files]: Checking for hashfile: ../input/connected_components/2/GCF_013363655.1_ASM1336365v1_genomic.fna.md5.
[INFO] [pyani.pyani_files]: Checking for hashfile: ../input/connected_components/2/GCF_013363665.1_ASM1336366v1_genomic.fna.md5.
[INFO] [pyani.pyani_files]: Checking for hashfile: ../input/connected_components/2/GCF_013363675.1_ASM1336367v1_genomic.fna.md5.
[INFO] [pyani.pyani_files]: Checking for hashfile: ../input/connected_components/2/GCF_013363735.1_ASM1336373v1_genomic.fna.md5.
[INFO] [pyani.pyani_files]: Checking for hashfile: ../input/connected_components/2/GCF_014648655.1_ASM1464865v1_genomic.fna.md5.
[INFO] [pyani.pyani_files]: Checking for hashfile: ../input/connected_components/2/GCF_014648875.1_ASM1464887v1_genomic.fna.md5.
[INFO] [pyani.pyani_files]: Checking for hashfile: ../input/connected_components/2/GCF_014649215.1_ASM1464921v1_genomic.fna.md5.
[INFO] [pyani.pyani_files]: Checking for hashfile: ../input/connected_components/2/GCF_014649535.1_ASM1464953v1_genomic.fna.md5.
[INFO] [pyani.pyani_files]: Checking for hashfile: ../input/connected_components/2/GCF_014649875.1_ASM1464987v1_genomic.fna.md5.
[INFO] [pyani.pyani_files]: Checking for hashfile: ../input/connected_components/2/GCF_014656235.1_ASM1465623v1_genomic.fna.md5.
[INFO] [pyani.pyani_files]: Checking for hashfile: ../input/connected_components/2/GCF_016612575.1_ASM1661257v1_genomic.fna.md5.
[INFO] [pyani.pyani_files]: Checking for hashfile: ../input/connected_components/2/GCF_016612645.1_ASM1661264v1_genomic.fna.md5.
[INFO] [pyani.pyani_files]: Checking for hashfile: ../input/connected_components/2/GCF_016612665.1_ASM1661266v1_genomic.fna.md5.
[INFO] [pyani.pyani_files]: Checking for hashfile: ../input/connected_components/2/GCF_016612705.1_ASM1661270v1_genomic.fna.md5.
[INFO] [pyani.pyani_files]: Checking for hashfile: ../input/connected_components/2/GCF_016612725.1_ASM1661272v1_genomic.fna.md5.
[INFO] [pyani.pyani_files]: Checking for hashfile: ../input/connected_components/2/GCF_016612775.1_ASM1661277v1_genomic.fna.md5.
[INFO] [pyani.pyani_files]: Checking for hashfile: ../input/connected_components/2/GCF_016654055.1_ASM1665405v1_genomic.fna.md5.
[INFO] [pyani.pyani_files]: Checking for hashfile: ../input/connected_components/2/GCF_016654065.1_ASM1665406v1_genomic.fna.md5.
[INFO] [pyani.pyani_files]: Checking for hashfile: ../input/connected_components/2/GCF_900090065.1_IMG-taxon_2513237100_annotated_assembly_genomic.fna.md5.
[INFO] [pyani.pyani_files]: Checking for hashfile: ../input/connected_components/2/GCF_900091745.1_IMG-taxon_2657245708_annotated_assembly_genomic.fna.md5.
[INFO] [pyani.pyani_files]: Checking for hashfile: ../input/connected_components/2/GCF_900091765.1_IMG-taxon_2657245714_annotated_assembly_genomic.fna.md5.
[INFO] [pyani.pyani_files]: Checking for hashfile: ../input/connected_components/2/GCF_900091775.1_IMG-taxon_2657245710_annotated_assembly_genomic.fna.md5.
[INFO] [pyani.pyani_files]: Checking for hashfile: ../input/connected_components/2/GCF_900091865.1_IMG-taxon_2657245711_annotated_assembly_genomic.fna.md5.
[INFO] [pyani.pyani_files]: Checking for hashfile: ../input/connected_components/2/GCF_900092005.1_IMG-taxon_2657245729_annotated_assembly_genomic.fna.md5.
[INFO] [pyani.pyani_files]: Checking for hashfile: ../input/connected_components/2/GCF_900187925.1_IMG-taxon_2524614673_annotated_assembly_genomic.fna.md5.
[INFO] [pyani.scripts.subcommands.subcmd_anim]: Generating ANIm command-lines
[INFO] [pyani.scripts.subcommands.subcmd_anim]: Compiling genomes for comparison
[INFO] [pyani.scripts.subcommands.subcmd_anim]: Compiling pairwise comparisons (this can take time for large datasets)...
[INFO] [pyani.scripts.subcommands.subcmd_anim]: 	...total pairwise comparisons to be performed: 2775
[INFO] [pyani.scripts.subcommands.subcmd_anim]: Checking database for existing comparison data...
[INFO] [pyani.scripts.subcommands.subcmd_anim]: 	...after check, still need to run 2775 comparisons
[INFO] [pyani.scripts.subcommands.subcmd_anim]: Creating NUCmer jobs for ANIm
[INFO] [pyani.scripts.subcommands.subcmd_anim]: Results not found for 2775 comparisons; 2775 new jobs built.
[INFO] [pyani.scripts.subcommands.subcmd_anim]: Running jobs with multiprocessing
[INFO] [pyani.scripts.subcommands.subcmd_anim]: Multiprocessing run completed without error
[INFO] [pyani.scripts.subcommands.subcmd_anim]: ...jobs complete
[INFO] [pyani.scripts.subcommands.subcmd_anim]: Adding comparison results to database...
[INFO] [pyani.scripts.subcommands.subcmd_anim]: ...database updated.
[INFO] [pyani.scripts.pyani_script]: Completed. Time taken: 13139.238
