[INFO] [pyani.scripts.pyani_script]: Processed arguments: Namespace(version=False, citation=False, logfile=PosixPath('../input/connected_components/3/output.log'), verbose=True, debug=False, disable_tqdm=False, scheduler='multiprocessing', workers=None, sgegroupsize=10000, sgeargs=None, jobprefix='PYANI', name='3', classes=PosixPath('../input/connected_components/3/custom_classes.txt'), labels=PosixPath('../input/connected_components/3/custom_labels.txt'), recovery=False, indir=PosixPath('../input/connected_components/3'), outdir=PosixPath('../input/connected_components/3/output'), dbpath=PosixPath('.pyani/pyanidb'), nucmer_exe=PosixPath('nucmer'), filter_exe=PosixPath('delta-filter'), maxmatch=False, nofilter=False, func=<function subcmd_anim at 0x1074bdd30>)
[INFO] [pyani.scripts.pyani_script]: command-line: /opt/anaconda3/envs/phd/bin/pyani anim -i ../input/connected_components/3 -o ../input/connected_components/3/output -v -l ../input/connected_components/3/output.log --name 3 --labels ../input/connected_components/3/custom_labels.txt --classes ../input/connected_components/3/custom_classes.txt
[INFO] [pyani.scripts.pyani_script]: pyani version: 0.3.0-alpha
[INFO] [pyani.scripts.pyani_script]: CITATION INFO
[INFO] [pyani.scripts.pyani_script]: If you use pyani in your work, please cite the following publication:
[INFO] [pyani.scripts.pyani_script]: 	Pritchard, L., Glover, R. H., Humphris, S., Elphinstone, J. G.,
[INFO] [pyani.scripts.pyani_script]: 	& Toth, I.K. (2016) 'Genomics and taxonomy in diagnostics for
[INFO] [pyani.scripts.pyani_script]: 	food security: soft-rotting enterobacterial plant pathogens.'
[INFO] [pyani.scripts.pyani_script]: 	Analytical Methods, 8(1), 12–24. http://doi.org/10.1039/C5AY02550H
[INFO] [pyani.scripts.pyani_script]: DEPENDENCIES
[INFO] [pyani.scripts.pyani_script]: The authors of pyani gratefully acknowledge its dependence on
[INFO] [pyani.scripts.pyani_script]: the following bioinformatics software:
[INFO] [pyani.scripts.pyani_script]: 	MUMmer3: S. Kurtz, A. Phillippy, A.L. Delcher, M. Smoot, M. Shumway,
[INFO] [pyani.scripts.pyani_script]: 	C. Antonescu, and S.L. Salzberg (2004), 'Versatile and open software
[INFO] [pyani.scripts.pyani_script]: 	for comparing large genomes' Genome Biology 5:R12
[INFO] [pyani.scripts.pyani_script]: 	BLAST+: Camacho C., Coulouris G., Avagyan V., Ma N., Papadopoulos J.,
[INFO] [pyani.scripts.pyani_script]: 	Bealer K., & Madden T.L. (2008) 'BLAST+: architecture and applications.'
[INFO] [pyani.scripts.pyani_script]: 	BMC Bioinformatics 10:421.
[INFO] [pyani.scripts.pyani_script]: 	BLAST: Altschul, S.F., Madden, T.L., Schäffer, A.A., Zhang, J.,
[INFO] [pyani.scripts.pyani_script]: 	Zhang, Z., Miller, W. & Lipman, D.J. (1997) 'Gapped BLAST and PSI-BLAST:
[INFO] [pyani.scripts.pyani_script]: 	a new generation of protein database search programs.' Nucleic Acids Res.
[INFO] [pyani.scripts.pyani_script]: 	25:3389-3402
[INFO] [pyani.scripts.pyani_script]: 	Biopython: Cock PA, Antao T, Chang JT, Chapman BA, Cox CJ, Dalke A,
[INFO] [pyani.scripts.pyani_script]: 	Friedberg I, Hamelryck T, Kauff F, Wilczynski B and de Hoon MJL
[INFO] [pyani.scripts.pyani_script]: 	(2009) Biopython: freely available Python tools for computational
[INFO] [pyani.scripts.pyani_script]: 	molecular biology and bioinformatics. Bioinformatics, 25, 1422-1423
[INFO] [pyani.scripts.subcommands.subcmd_anim]: Running ANIm analysis
[INFO] [pyani.scripts.subcommands.subcmd_anim]: MUMMer nucmer version: Darwin_3.1 (/opt/anaconda3/envs/phd/bin/nucmer)
[INFO] [pyani.scripts.subcommands.subcmd_anim]: Analysis name: 3
[INFO] [pyani.pyani_files]: Checking for hashfile: ../input/connected_components/3/GCF_000299175.2_ASM29917v2_genomic.fna.md5.
[INFO] [pyani.pyani_files]: Checking for hashfile: ../input/connected_components/3/GCF_000359525.1_ASM35952v1_genomic.fna.md5.
[INFO] [pyani.pyani_files]: Checking for hashfile: ../input/connected_components/3/GCF_000495755.1_PVA94-07.23_genomic.fna.md5.
[INFO] [pyani.pyani_files]: Checking for hashfile: ../input/connected_components/3/GCF_000719495.1_ASM71949v1_genomic.fna.md5.
[INFO] [pyani.pyani_files]: Checking for hashfile: ../input/connected_components/3/GCF_000725635.1_Doro.v1.0_genomic.fna.md5.
[INFO] [pyani.pyani_files]: Checking for hashfile: ../input/connected_components/3/GCF_000797385.1_ASM79738v1_genomic.fna.md5.
[INFO] [pyani.pyani_files]: Checking for hashfile: ../input/connected_components/3/GCF_000800535.1_ASM80053v1_genomic.fna.md5.
[INFO] [pyani.pyani_files]: Checking for hashfile: ../input/connected_components/3/GCF_001014595.1_ASM101459v1_genomic.fna.md5.
[INFO] [pyani.pyani_files]: Checking for hashfile: ../input/connected_components/3/GCF_001431765.1_ASM143176v1_genomic.fna.md5.
[INFO] [pyani.pyani_files]: Checking for hashfile: ../input/connected_components/3/GCF_001509565.1_ASM150956v1_genomic.fna.md5.
[INFO] [pyani.pyani_files]: Checking for hashfile: ../input/connected_components/3/GCF_001865795.1_ASM186579v1_genomic.fna.md5.
[INFO] [pyani.pyani_files]: Checking for hashfile: ../input/connected_components/3/GCF_002289335.1_CMB-CS132_genomic.fna.md5.
[INFO] [pyani.pyani_files]: Checking for hashfile: ../input/connected_components/3/GCF_002317005.1_CMB-CS038_genomic.fna.md5.
[INFO] [pyani.pyani_files]: Checking for hashfile: ../input/connected_components/3/GCF_002317025.1_CMB-CS138_genomic.fna.md5.
[INFO] [pyani.pyani_files]: Checking for hashfile: ../input/connected_components/3/GCF_002844215.1_ASM284421v1_genomic.fna.md5.
[INFO] [pyani.pyani_files]: Checking for hashfile: ../input/connected_components/3/GCF_002910795.1_ASM291079v1_genomic.fna.md5.
[INFO] [pyani.pyani_files]: Checking for hashfile: ../input/connected_components/3/GCF_002910815.1_ASM291081v1_genomic.fna.md5.
[INFO] [pyani.pyani_files]: Checking for hashfile: ../input/connected_components/3/GCF_003687515.1_ASM368751v1_genomic.fna.md5.
[INFO] [pyani.pyani_files]: Checking for hashfile: ../input/connected_components/3/GCF_004000395.1_ASM400039v1_genomic.fna.md5.
[INFO] [pyani.pyani_files]: Checking for hashfile: ../input/connected_components/3/GCF_004078575.1_ASM407857v1_genomic.fna.md5.
[INFO] [pyani.pyani_files]: Checking for hashfile: ../input/connected_components/3/GCF_004124335.1_ASM412433v1_genomic.fna.md5.
[INFO] [pyani.pyani_files]: Checking for hashfile: ../input/connected_components/3/GCF_004195735.1_ASM419573v1_genomic.fna.md5.
[INFO] [pyani.pyani_files]: Checking for hashfile: ../input/connected_components/3/GCF_004195745.1_ASM419574v1_genomic.fna.md5.
[INFO] [pyani.pyani_files]: Checking for hashfile: ../input/connected_components/3/GCF_004195755.1_ASM419575v1_genomic.fna.md5.
[INFO] [pyani.pyani_files]: Checking for hashfile: ../input/connected_components/3/GCF_004195845.1_ASM419584v1_genomic.fna.md5.
[INFO] [pyani.pyani_files]: Checking for hashfile: ../input/connected_components/3/GCF_004195855.1_ASM419585v1_genomic.fna.md5.
[INFO] [pyani.pyani_files]: Checking for hashfile: ../input/connected_components/3/GCF_004195885.1_ASM419588v1_genomic.fna.md5.
[INFO] [pyani.pyani_files]: Checking for hashfile: ../input/connected_components/3/GCF_004195895.1_ASM419589v1_genomic.fna.md5.
[INFO] [pyani.pyani_files]: Checking for hashfile: ../input/connected_components/3/GCF_004195935.1_ASM419593v1_genomic.fna.md5.
[INFO] [pyani.pyani_files]: Checking for hashfile: ../input/connected_components/3/GCF_004195945.1_ASM419594v1_genomic.fna.md5.
[INFO] [pyani.pyani_files]: Checking for hashfile: ../input/connected_components/3/GCF_004195955.1_ASM419595v1_genomic.fna.md5.
[INFO] [pyani.pyani_files]: Checking for hashfile: ../input/connected_components/3/GCF_004195965.1_ASM419596v1_genomic.fna.md5.
[INFO] [pyani.pyani_files]: Checking for hashfile: ../input/connected_components/3/GCF_004195995.1_ASM419599v1_genomic.fna.md5.
[INFO] [pyani.pyani_files]: Checking for hashfile: ../input/connected_components/3/GCF_004196035.1_ASM419603v1_genomic.fna.md5.
[INFO] [pyani.pyani_files]: Checking for hashfile: ../input/connected_components/3/GCF_004196145.1_ASM419614v1_genomic.fna.md5.
[INFO] [pyani.pyani_files]: Checking for hashfile: ../input/connected_components/3/GCF_004196155.1_ASM419615v1_genomic.fna.md5.
[INFO] [pyani.pyani_files]: Checking for hashfile: ../input/connected_components/3/GCF_004196225.1_ASM419622v1_genomic.fna.md5.
[INFO] [pyani.pyani_files]: Checking for hashfile: ../input/connected_components/3/GCF_007896905.1_ASM789690v1_genomic.fna.md5.
[INFO] [pyani.pyani_files]: Checking for hashfile: ../input/connected_components/3/GCF_009834105.1_ASM983410v1_genomic.fna.md5.
[INFO] [pyani.pyani_files]: Checking for hashfile: ../input/connected_components/3/GCF_009846825.1_ASM984682v1_genomic.fna.md5.
[INFO] [pyani.pyani_files]: Checking for hashfile: ../input/connected_components/3/GCF_010523235.1_ASM1052323v1_genomic.fna.md5.
[INFO] [pyani.pyani_files]: Checking for hashfile: ../input/connected_components/3/GCF_013363465.1_ASM1336346v1_genomic.fna.md5.
[INFO] [pyani.pyani_files]: Checking for hashfile: ../input/connected_components/3/GCF_013363555.1_ASM1336355v1_genomic.fna.md5.
[INFO] [pyani.pyani_files]: Checking for hashfile: ../input/connected_components/3/GCF_013693715.1_ASM1369371v1_genomic.fna.md5.
[INFO] [pyani.pyani_files]: Checking for hashfile: ../input/connected_components/3/GCF_015601545.1_ASM1560154v1_genomic.fna.md5.
[INFO] [pyani.pyani_files]: Checking for hashfile: ../input/connected_components/3/GCF_016613285.1_ASM1661328v1_genomic.fna.md5.
[INFO] [pyani.pyani_files]: Checking for hashfile: ../input/connected_components/3/GCF_016613335.1_ASM1661333v1_genomic.fna.md5.
[INFO] [pyani.pyani_files]: Checking for hashfile: ../input/connected_components/3/GCF_016803985.1_ASM1680398v1_genomic.fna.md5.
[INFO] [pyani.pyani_files]: Checking for hashfile: ../input/connected_components/3/GCF_017979945.1_ASM1797994v1_genomic.fna.md5.
[INFO] [pyani.pyani_files]: Checking for hashfile: ../input/connected_components/3/GCF_018619165.1_ASM1861916v1_genomic.fna.md5.
[INFO] [pyani.pyani_files]: Checking for hashfile: ../input/connected_components/3/GCF_018619195.1_ASM1861919v1_genomic.fna.md5.
[INFO] [pyani.pyani_files]: Checking for hashfile: ../input/connected_components/3/GCF_018619235.1_ASM1861923v1_genomic.fna.md5.
[INFO] [pyani.pyani_files]: Checking for hashfile: ../input/connected_components/3/GCF_018638335.1_ASM1863833v1_genomic.fna.md5.
[INFO] [pyani.pyani_files]: Checking for hashfile: ../input/connected_components/3/GCF_019067045.1_ASM1906704v1_genomic.fna.md5.
[INFO] [pyani.pyani_files]: Checking for hashfile: ../input/connected_components/3/GCF_900091785.1_IMG-taxon_2657245717_annotated_assembly_genomic.fna.md5.
[INFO] [pyani.pyani_files]: Checking for hashfile: ../input/connected_components/3/GCF_900091885.1_IMG-taxon_2657245704_annotated_assembly_genomic.fna.md5.
[INFO] [pyani.pyani_files]: Checking for hashfile: ../input/connected_components/3/GCF_900171555.1_Salb_genomic.fna.md5.
[INFO] [pyani.scripts.subcommands.subcmd_anim]: Generating ANIm command-lines
[INFO] [pyani.scripts.subcommands.subcmd_anim]: Compiling genomes for comparison
[INFO] [pyani.scripts.subcommands.subcmd_anim]: Compiling pairwise comparisons (this can take time for large datasets)...
[INFO] [pyani.scripts.subcommands.subcmd_anim]: 	...total pairwise comparisons to be performed: 1596
[INFO] [pyani.scripts.subcommands.subcmd_anim]: Checking database for existing comparison data...
[INFO] [pyani.scripts.subcommands.subcmd_anim]: 	...after check, still need to run 1596 comparisons
[INFO] [pyani.scripts.subcommands.subcmd_anim]: Creating NUCmer jobs for ANIm
[INFO] [pyani.scripts.subcommands.subcmd_anim]: Results not found for 1596 comparisons; 1596 new jobs built.
[INFO] [pyani.scripts.subcommands.subcmd_anim]: Running jobs with multiprocessing
[INFO] [pyani.scripts.subcommands.subcmd_anim]: Multiprocessing run completed without error
[INFO] [pyani.scripts.subcommands.subcmd_anim]: ...jobs complete
[INFO] [pyani.scripts.subcommands.subcmd_anim]: Adding comparison results to database...
[INFO] [pyani.scripts.subcommands.subcmd_anim]: ...database updated.
[INFO] [pyani.scripts.pyani_script]: Completed. Time taken: 4582.262
