[INFO] [pyani.scripts.pyani_script]: Processed arguments: Namespace(version=False, citation=False, logfile=PosixPath('../input/shared_NCBI_names/Streptomyces_rimosus/output.log'), verbose=True, debug=False, disable_tqdm=False, scheduler='multiprocessing', workers=None, sgegroupsize=10000, sgeargs=None, jobprefix='PYANI', name='Streptomyces_rimosus', classes=PosixPath('../input/shared_NCBI_names/Streptomyces_rimosus/custom_classes.txt'), labels=PosixPath('../input/shared_NCBI_names/Streptomyces_rimosus/custom_labels.txt'), recovery=False, indir=PosixPath('../input/shared_NCBI_names/Streptomyces_rimosus'), outdir=PosixPath('../input/shared_NCBI_names/Streptomyces_rimosus/output'), dbpath=PosixPath('.pyani/pyanidb'), nucmer_exe=PosixPath('nucmer'), filter_exe=PosixPath('delta-filter'), maxmatch=False, nofilter=False, func=<function subcmd_anim at 0x15d26dd30>)
[INFO] [pyani.scripts.pyani_script]: command-line: /opt/anaconda3/envs/phd/bin/pyani anim -i ../input/shared_NCBI_names/Streptomyces_rimosus -o ../input/shared_NCBI_names/Streptomyces_rimosus/output -v -l ../input/shared_NCBI_names/Streptomyces_rimosus/output.log --name Streptomyces_rimosus --labels ../input/shared_NCBI_names/Streptomyces_rimosus/custom_labels.txt --classes ../input/shared_NCBI_names/Streptomyces_rimosus/custom_classes.txt
[INFO] [pyani.scripts.pyani_script]: pyani version: 0.3.0-alpha
[INFO] [pyani.scripts.pyani_script]: CITATION INFO
[INFO] [pyani.scripts.pyani_script]: If you use pyani in your work, please cite the following publication:
[INFO] [pyani.scripts.pyani_script]: 	Pritchard, L., Glover, R. H., Humphris, S., Elphinstone, J. G.,
[INFO] [pyani.scripts.pyani_script]: 	& Toth, I.K. (2016) 'Genomics and taxonomy in diagnostics for
[INFO] [pyani.scripts.pyani_script]: 	food security: soft-rotting enterobacterial plant pathogens.'
[INFO] [pyani.scripts.pyani_script]: 	Analytical Methods, 8(1), 12–24. http://doi.org/10.1039/C5AY02550H
[INFO] [pyani.scripts.pyani_script]: DEPENDENCIES
[INFO] [pyani.scripts.pyani_script]: The authors of pyani gratefully acknowledge its dependence on
[INFO] [pyani.scripts.pyani_script]: the following bioinformatics software:
[INFO] [pyani.scripts.pyani_script]: 	MUMmer3: S. Kurtz, A. Phillippy, A.L. Delcher, M. Smoot, M. Shumway,
[INFO] [pyani.scripts.pyani_script]: 	C. Antonescu, and S.L. Salzberg (2004), 'Versatile and open software
[INFO] [pyani.scripts.pyani_script]: 	for comparing large genomes' Genome Biology 5:R12
[INFO] [pyani.scripts.pyani_script]: 	BLAST+: Camacho C., Coulouris G., Avagyan V., Ma N., Papadopoulos J.,
[INFO] [pyani.scripts.pyani_script]: 	Bealer K., & Madden T.L. (2008) 'BLAST+: architecture and applications.'
[INFO] [pyani.scripts.pyani_script]: 	BMC Bioinformatics 10:421.
[INFO] [pyani.scripts.pyani_script]: 	BLAST: Altschul, S.F., Madden, T.L., Schäffer, A.A., Zhang, J.,
[INFO] [pyani.scripts.pyani_script]: 	Zhang, Z., Miller, W. & Lipman, D.J. (1997) 'Gapped BLAST and PSI-BLAST:
[INFO] [pyani.scripts.pyani_script]: 	a new generation of protein database search programs.' Nucleic Acids Res.
[INFO] [pyani.scripts.pyani_script]: 	25:3389-3402
[INFO] [pyani.scripts.pyani_script]: 	Biopython: Cock PA, Antao T, Chang JT, Chapman BA, Cox CJ, Dalke A,
[INFO] [pyani.scripts.pyani_script]: 	Friedberg I, Hamelryck T, Kauff F, Wilczynski B and de Hoon MJL
[INFO] [pyani.scripts.pyani_script]: 	(2009) Biopython: freely available Python tools for computational
[INFO] [pyani.scripts.pyani_script]: 	molecular biology and bioinformatics. Bioinformatics, 25, 1422-1423
[INFO] [pyani.scripts.subcommands.subcmd_anim]: Running ANIm analysis
[INFO] [pyani.scripts.subcommands.subcmd_anim]: MUMMer nucmer version: Darwin_3.1 (/opt/anaconda3/envs/phd/bin/nucmer)
[INFO] [pyani.scripts.subcommands.subcmd_anim]: Analysis name: Streptomyces_rimosus
[INFO] [pyani.pyani_files]: Checking for hashfile: ../input/shared_NCBI_names/Streptomyces_rimosus/GCF_000331185.2_ASM33118v2_genomic.fna.md5.
[INFO] [pyani.pyani_files]: Checking for hashfile: ../input/shared_NCBI_names/Streptomyces_rimosus/GCF_000707925.2_ASM70792v2_genomic.fna.md5.
[INFO] [pyani.pyani_files]: Checking for hashfile: ../input/shared_NCBI_names/Streptomyces_rimosus/GCF_000716515.1_ASM71651v1_genomic.fna.md5.
[INFO] [pyani.pyani_files]: Checking for hashfile: ../input/shared_NCBI_names/Streptomyces_rimosus/GCF_000717285.1_ASM71728v1_genomic.fna.md5.
[INFO] [pyani.pyani_files]: Checking for hashfile: ../input/shared_NCBI_names/Streptomyces_rimosus/GCF_000718675.1_ASM71867v1_genomic.fna.md5.
[INFO] [pyani.pyani_files]: Checking for hashfile: ../input/shared_NCBI_names/Streptomyces_rimosus/GCF_000718715.1_ASM71871v1_genomic.fna.md5.
[INFO] [pyani.pyani_files]: Checking for hashfile: ../input/shared_NCBI_names/Streptomyces_rimosus/GCF_000718755.1_ASM71875v1_genomic.fna.md5.
[INFO] [pyani.pyani_files]: Checking for hashfile: ../input/shared_NCBI_names/Streptomyces_rimosus/GCF_000718835.1_ASM71883v1_genomic.fna.md5.
[INFO] [pyani.pyani_files]: Checking for hashfile: ../input/shared_NCBI_names/Streptomyces_rimosus/GCF_000718865.1_ASM71886v1_genomic.fna.md5.
[INFO] [pyani.pyani_files]: Checking for hashfile: ../input/shared_NCBI_names/Streptomyces_rimosus/GCF_000719185.1_ASM71918v1_genomic.fna.md5.
[INFO] [pyani.pyani_files]: Checking for hashfile: ../input/shared_NCBI_names/Streptomyces_rimosus/GCF_000720565.1_ASM72056v1_genomic.fna.md5.
[INFO] [pyani.pyani_files]: Checking for hashfile: ../input/shared_NCBI_names/Streptomyces_rimosus/GCF_000720605.1_ASM72060v1_genomic.fna.md5.
[INFO] [pyani.pyani_files]: Checking for hashfile: ../input/shared_NCBI_names/Streptomyces_rimosus/GCF_000720715.1_ASM72071v1_genomic.fna.md5.
[INFO] [pyani.pyani_files]: Checking for hashfile: ../input/shared_NCBI_names/Streptomyces_rimosus/GCF_000721045.1_ASM72104v1_genomic.fna.md5.
[INFO] [pyani.pyani_files]: Checking for hashfile: ../input/shared_NCBI_names/Streptomyces_rimosus/GCF_000721665.1_ASM72166v1_genomic.fna.md5.
[INFO] [pyani.pyani_files]: Checking for hashfile: ../input/shared_NCBI_names/Streptomyces_rimosus/GCF_001279015.1_ASM127901v1_genomic.fna.md5.
[INFO] [pyani.pyani_files]: Checking for hashfile: ../input/shared_NCBI_names/Streptomyces_rimosus/GCF_001279065.1_ASM127906v1_genomic.fna.md5.
[INFO] [pyani.pyani_files]: Checking for hashfile: ../input/shared_NCBI_names/Streptomyces_rimosus/GCF_001279075.1_ASM127907v1_genomic.fna.md5.
[INFO] [pyani.pyani_files]: Checking for hashfile: ../input/shared_NCBI_names/Streptomyces_rimosus/GCF_001279095.1_ASM127909v1_genomic.fna.md5.
[INFO] [pyani.pyani_files]: Checking for hashfile: ../input/shared_NCBI_names/Streptomyces_rimosus/GCF_001279105.1_ASM127910v1_genomic.fna.md5.
[INFO] [pyani.pyani_files]: Checking for hashfile: ../input/shared_NCBI_names/Streptomyces_rimosus/GCF_001279345.1_ASM127934v1_genomic.fna.md5.
[INFO] [pyani.pyani_files]: Checking for hashfile: ../input/shared_NCBI_names/Streptomyces_rimosus/GCF_001279375.1_ASM127937v1_genomic.fna.md5.
[INFO] [pyani.pyani_files]: Checking for hashfile: ../input/shared_NCBI_names/Streptomyces_rimosus/GCF_001507395.1_ASM150739v1_genomic.fna.md5.
[INFO] [pyani.pyani_files]: Checking for hashfile: ../input/shared_NCBI_names/Streptomyces_rimosus/GCF_003865155.1_ASM386515v1_genomic.fna.md5.
[INFO] [pyani.pyani_files]: Checking for hashfile: ../input/shared_NCBI_names/Streptomyces_rimosus/GCF_006229535.1_ASM622953v1_genomic.fna.md5.
[INFO] [pyani.pyani_files]: Checking for hashfile: ../input/shared_NCBI_names/Streptomyces_rimosus/GCF_008704655.1_ASM870465v1_genomic.fna.md5.
[INFO] [pyani.scripts.subcommands.subcmd_anim]: Generating ANIm command-lines
[INFO] [pyani.scripts.subcommands.subcmd_anim]: Compiling genomes for comparison
[INFO] [pyani.scripts.subcommands.subcmd_anim]: Compiling pairwise comparisons (this can take time for large datasets)...
[INFO] [pyani.scripts.subcommands.subcmd_anim]: 	...total pairwise comparisons to be performed: 325
[INFO] [pyani.scripts.subcommands.subcmd_anim]: Checking database for existing comparison data...
[INFO] [pyani.scripts.subcommands.subcmd_anim]: 	...after check, still need to run 71 comparisons
[INFO] [pyani.scripts.subcommands.subcmd_anim]: Creating NUCmer jobs for ANIm
[INFO] [pyani.scripts.subcommands.subcmd_anim]: Results not found for 71 comparisons; 71 new jobs built.
[INFO] [pyani.scripts.subcommands.subcmd_anim]: Running jobs with multiprocessing
[INFO] [pyani.scripts.subcommands.subcmd_anim]: Multiprocessing run completed without error
[INFO] [pyani.scripts.subcommands.subcmd_anim]: ...jobs complete
[INFO] [pyani.scripts.subcommands.subcmd_anim]: Adding comparison results to database...
[INFO] [pyani.scripts.subcommands.subcmd_anim]: ...database updated.
[INFO] [pyani.scripts.pyani_script]: Completed. Time taken: 362.355
