[INFO] [pyani.scripts.pyani_script]: Processed arguments: Namespace(version=False, citation=False, logfile=PosixPath('../input/shared_NCBI_names/Streptomyces_californicus/output.log'), verbose=True, debug=False, disable_tqdm=False, scheduler='multiprocessing', workers=None, sgegroupsize=10000, sgeargs=None, jobprefix='PYANI', name='Streptomyces_californicus', classes=PosixPath('../input/shared_NCBI_names/Streptomyces_californicus/custom_classes.txt'), labels=PosixPath('../input/shared_NCBI_names/Streptomyces_californicus/custom_labels.txt'), recovery=False, indir=PosixPath('../input/shared_NCBI_names/Streptomyces_californicus'), outdir=PosixPath('../input/shared_NCBI_names/Streptomyces_californicus/output'), dbpath=PosixPath('.pyani/pyanidb'), nucmer_exe=PosixPath('nucmer'), filter_exe=PosixPath('delta-filter'), maxmatch=False, nofilter=False, func=<function subcmd_anim at 0x10f9c7d30>)
[INFO] [pyani.scripts.pyani_script]: command-line: /opt/anaconda3/envs/phd/bin/pyani anim -i ../input/shared_NCBI_names/Streptomyces_californicus -o ../input/shared_NCBI_names/Streptomyces_californicus/output -v -l ../input/shared_NCBI_names/Streptomyces_californicus/output.log --name Streptomyces_californicus --labels ../input/shared_NCBI_names/Streptomyces_californicus/custom_labels.txt --classes ../input/shared_NCBI_names/Streptomyces_californicus/custom_classes.txt
[INFO] [pyani.scripts.pyani_script]: pyani version: 0.3.0-alpha
[INFO] [pyani.scripts.pyani_script]: CITATION INFO
[INFO] [pyani.scripts.pyani_script]: If you use pyani in your work, please cite the following publication:
[INFO] [pyani.scripts.pyani_script]: 	Pritchard, L., Glover, R. H., Humphris, S., Elphinstone, J. G.,
[INFO] [pyani.scripts.pyani_script]: 	& Toth, I.K. (2016) 'Genomics and taxonomy in diagnostics for
[INFO] [pyani.scripts.pyani_script]: 	food security: soft-rotting enterobacterial plant pathogens.'
[INFO] [pyani.scripts.pyani_script]: 	Analytical Methods, 8(1), 12–24. http://doi.org/10.1039/C5AY02550H
[INFO] [pyani.scripts.pyani_script]: DEPENDENCIES
[INFO] [pyani.scripts.pyani_script]: The authors of pyani gratefully acknowledge its dependence on
[INFO] [pyani.scripts.pyani_script]: the following bioinformatics software:
[INFO] [pyani.scripts.pyani_script]: 	MUMmer3: S. Kurtz, A. Phillippy, A.L. Delcher, M. Smoot, M. Shumway,
[INFO] [pyani.scripts.pyani_script]: 	C. Antonescu, and S.L. Salzberg (2004), 'Versatile and open software
[INFO] [pyani.scripts.pyani_script]: 	for comparing large genomes' Genome Biology 5:R12
[INFO] [pyani.scripts.pyani_script]: 	BLAST+: Camacho C., Coulouris G., Avagyan V., Ma N., Papadopoulos J.,
[INFO] [pyani.scripts.pyani_script]: 	Bealer K., & Madden T.L. (2008) 'BLAST+: architecture and applications.'
[INFO] [pyani.scripts.pyani_script]: 	BMC Bioinformatics 10:421.
[INFO] [pyani.scripts.pyani_script]: 	BLAST: Altschul, S.F., Madden, T.L., Schäffer, A.A., Zhang, J.,
[INFO] [pyani.scripts.pyani_script]: 	Zhang, Z., Miller, W. & Lipman, D.J. (1997) 'Gapped BLAST and PSI-BLAST:
[INFO] [pyani.scripts.pyani_script]: 	a new generation of protein database search programs.' Nucleic Acids Res.
[INFO] [pyani.scripts.pyani_script]: 	25:3389-3402
[INFO] [pyani.scripts.pyani_script]: 	Biopython: Cock PA, Antao T, Chang JT, Chapman BA, Cox CJ, Dalke A,
[INFO] [pyani.scripts.pyani_script]: 	Friedberg I, Hamelryck T, Kauff F, Wilczynski B and de Hoon MJL
[INFO] [pyani.scripts.pyani_script]: 	(2009) Biopython: freely available Python tools for computational
[INFO] [pyani.scripts.pyani_script]: 	molecular biology and bioinformatics. Bioinformatics, 25, 1422-1423
[INFO] [pyani.scripts.subcommands.subcmd_anim]: Running ANIm analysis
[INFO] [pyani.scripts.subcommands.subcmd_anim]: MUMMer nucmer version: Darwin_3.1 (/opt/anaconda3/envs/phd/bin/nucmer)
[INFO] [pyani.scripts.subcommands.subcmd_anim]: Analysis name: Streptomyces_californicus
[INFO] [pyani.pyani_files]: Checking for hashfile: ../input/shared_NCBI_names/Streptomyces_californicus/GCF_000715745.1_ASM71574v1_genomic.fna.md5.
[INFO] [pyani.pyani_files]: Checking for hashfile: ../input/shared_NCBI_names/Streptomyces_californicus/GCF_000717645.1_ASM71764v1_genomic.fna.md5.
[INFO] [pyani.pyani_files]: Checking for hashfile: ../input/shared_NCBI_names/Streptomyces_californicus/GCF_000717665.1_ASM71766v1_genomic.fna.md5.
[INFO] [pyani.pyani_files]: Checking for hashfile: ../input/shared_NCBI_names/Streptomyces_californicus/GCF_000718245.1_ASM71824v1_genomic.fna.md5.
[INFO] [pyani.pyani_files]: Checking for hashfile: ../input/shared_NCBI_names/Streptomyces_californicus/GCF_016906185.1_ASM1690618v1_genomic.fna.md5.
[INFO] [pyani.pyani_files]: Checking for hashfile: ../input/shared_NCBI_names/Streptomyces_californicus/GCF_016906205.1_ASM1690620v1_genomic.fna.md5.
[INFO] [pyani.pyani_files]: Checking for hashfile: ../input/shared_NCBI_names/Streptomyces_californicus/GCF_016906225.1_ASM1690622v1_genomic.fna.md5.
[INFO] [pyani.pyani_files]: Checking for hashfile: ../input/shared_NCBI_names/Streptomyces_californicus/GCF_016906245.1_ASM1690624v1_genomic.fna.md5.
[INFO] [pyani.pyani_files]: Checking for hashfile: ../input/shared_NCBI_names/Streptomyces_californicus/GCF_016906265.1_ASM1690626v1_genomic.fna.md5.
[INFO] [pyani.scripts.subcommands.subcmd_anim]: Generating ANIm command-lines
[INFO] [pyani.scripts.subcommands.subcmd_anim]: Compiling genomes for comparison
[INFO] [pyani.scripts.subcommands.subcmd_anim]: Compiling pairwise comparisons (this can take time for large datasets)...
[INFO] [pyani.scripts.subcommands.subcmd_anim]: 	...total pairwise comparisons to be performed: 36
[INFO] [pyani.scripts.subcommands.subcmd_anim]: Checking database for existing comparison data...
[INFO] [pyani.scripts.subcommands.subcmd_anim]: 	...after check, still need to run 0 comparisons
[INFO] [pyani.scripts.subcommands.subcmd_anim]: All comparison results present in database (skipping comparisons)
[INFO] [pyani.scripts.subcommands.subcmd_anim]: Updating summary matrices with existing results
[INFO] [pyani.scripts.pyani_script]: Completed. Time taken: 2.792
