[INFO] [pyani.scripts.pyani_script]: Processed arguments: Namespace(version=False, citation=False, logfile=PosixPath('../input/connected_components/6/output.log'), verbose=True, debug=False, disable_tqdm=False, scheduler='multiprocessing', workers=None, sgegroupsize=10000, sgeargs=None, jobprefix='PYANI', name='6', classes=PosixPath('../input/connected_components/6/custom_classes.txt'), labels=PosixPath('../input/connected_components/6/custom_labels.txt'), recovery=False, indir=PosixPath('../input/connected_components/6'), outdir=PosixPath('../input/connected_components/6/output'), dbpath=PosixPath('.pyani/pyanidb'), nucmer_exe=PosixPath('nucmer'), filter_exe=PosixPath('delta-filter'), maxmatch=False, nofilter=False, func=<function subcmd_anim at 0x1060dbd30>)
[INFO] [pyani.scripts.pyani_script]: command-line: /opt/anaconda3/envs/phd/bin/pyani anim -i ../input/connected_components/6 -o ../input/connected_components/6/output -v -l ../input/connected_components/6/output.log --name 6 --labels ../input/connected_components/6/custom_labels.txt --classes ../input/connected_components/6/custom_classes.txt
[INFO] [pyani.scripts.pyani_script]: pyani version: 0.3.0-alpha
[INFO] [pyani.scripts.pyani_script]: CITATION INFO
[INFO] [pyani.scripts.pyani_script]: If you use pyani in your work, please cite the following publication:
[INFO] [pyani.scripts.pyani_script]: 	Pritchard, L., Glover, R. H., Humphris, S., Elphinstone, J. G.,
[INFO] [pyani.scripts.pyani_script]: 	& Toth, I.K. (2016) 'Genomics and taxonomy in diagnostics for
[INFO] [pyani.scripts.pyani_script]: 	food security: soft-rotting enterobacterial plant pathogens.'
[INFO] [pyani.scripts.pyani_script]: 	Analytical Methods, 8(1), 12–24. http://doi.org/10.1039/C5AY02550H
[INFO] [pyani.scripts.pyani_script]: DEPENDENCIES
[INFO] [pyani.scripts.pyani_script]: The authors of pyani gratefully acknowledge its dependence on
[INFO] [pyani.scripts.pyani_script]: the following bioinformatics software:
[INFO] [pyani.scripts.pyani_script]: 	MUMmer3: S. Kurtz, A. Phillippy, A.L. Delcher, M. Smoot, M. Shumway,
[INFO] [pyani.scripts.pyani_script]: 	C. Antonescu, and S.L. Salzberg (2004), 'Versatile and open software
[INFO] [pyani.scripts.pyani_script]: 	for comparing large genomes' Genome Biology 5:R12
[INFO] [pyani.scripts.pyani_script]: 	BLAST+: Camacho C., Coulouris G., Avagyan V., Ma N., Papadopoulos J.,
[INFO] [pyani.scripts.pyani_script]: 	Bealer K., & Madden T.L. (2008) 'BLAST+: architecture and applications.'
[INFO] [pyani.scripts.pyani_script]: 	BMC Bioinformatics 10:421.
[INFO] [pyani.scripts.pyani_script]: 	BLAST: Altschul, S.F., Madden, T.L., Schäffer, A.A., Zhang, J.,
[INFO] [pyani.scripts.pyani_script]: 	Zhang, Z., Miller, W. & Lipman, D.J. (1997) 'Gapped BLAST and PSI-BLAST:
[INFO] [pyani.scripts.pyani_script]: 	a new generation of protein database search programs.' Nucleic Acids Res.
[INFO] [pyani.scripts.pyani_script]: 	25:3389-3402
[INFO] [pyani.scripts.pyani_script]: 	Biopython: Cock PA, Antao T, Chang JT, Chapman BA, Cox CJ, Dalke A,
[INFO] [pyani.scripts.pyani_script]: 	Friedberg I, Hamelryck T, Kauff F, Wilczynski B and de Hoon MJL
[INFO] [pyani.scripts.pyani_script]: 	(2009) Biopython: freely available Python tools for computational
[INFO] [pyani.scripts.pyani_script]: 	molecular biology and bioinformatics. Bioinformatics, 25, 1422-1423
[INFO] [pyani.scripts.subcommands.subcmd_anim]: Running ANIm analysis
[INFO] [pyani.scripts.subcommands.subcmd_anim]: MUMMer nucmer version: Darwin_3.1 (/opt/anaconda3/envs/phd/bin/nucmer)
[INFO] [pyani.scripts.subcommands.subcmd_anim]: Analysis name: 6
[INFO] [pyani.pyani_files]: Checking for hashfile: ../input/connected_components/6/GCF_000980885.2_ASM98088v2_genomic.fna.md5.
[INFO] [pyani.pyani_files]: Checking for hashfile: ../input/connected_components/6/GCF_002154555.1_ASM215455v1_genomic.fna.md5.
[INFO] [pyani.pyani_files]: Checking for hashfile: ../input/connected_components/6/GCF_003933295.1_ASM393329v1_genomic.fna.md5.
[INFO] [pyani.pyani_files]: Checking for hashfile: ../input/connected_components/6/GCF_003933485.1_ASM393348v1_genomic.fna.md5.
[INFO] [pyani.pyani_files]: Checking for hashfile: ../input/connected_components/6/GCF_004104485.1_ASM410448v1_genomic.fna.md5.
[INFO] [pyani.pyani_files]: Checking for hashfile: ../input/connected_components/6/GCF_004794665.1_ASM479466v1_genomic.fna.md5.
[INFO] [pyani.pyani_files]: Checking for hashfile: ../input/connected_components/6/GCF_009862025.1_ASM986202v1_genomic.fna.md5.
[INFO] [pyani.pyani_files]: Checking for hashfile: ../input/connected_components/6/GCF_009862685.1_ASM986268v1_genomic.fna.md5.
[INFO] [pyani.pyani_files]: Checking for hashfile: ../input/connected_components/6/GCF_009862765.1_ASM986276v1_genomic.fna.md5.
[INFO] [pyani.pyani_files]: Checking for hashfile: ../input/connected_components/6/GCF_010119355.1_ASM1011935v1_genomic.fna.md5.
[INFO] [pyani.pyani_files]: Checking for hashfile: ../input/connected_components/6/GCF_014138855.1_ASM1413885v1_genomic.fna.md5.
[INFO] [pyani.pyani_files]: Checking for hashfile: ../input/connected_components/6/GCF_014138905.1_ASM1413890v1_genomic.fna.md5.
[INFO] [pyani.pyani_files]: Checking for hashfile: ../input/connected_components/6/GCF_014673495.1_ASM1467349v1_genomic.fna.md5.
[INFO] [pyani.pyani_files]: Checking for hashfile: ../input/connected_components/6/GCF_016457305.1_ASM1645730v1_genomic.fna.md5.
[INFO] [pyani.pyani_files]: Checking for hashfile: ../input/connected_components/6/GCF_016467295.1_ASM1646729v1_genomic.fna.md5.
[INFO] [pyani.pyani_files]: Checking for hashfile: ../input/connected_components/6/GCF_900091975.1_IMG-taxon_2657245725_annotated_assembly_genomic.fna.md5.
[INFO] [pyani.pyani_files]: Checking for hashfile: ../input/connected_components/6/GCF_900091985.1_IMG-taxon_2657245723_annotated_assembly_genomic.fna.md5.
[INFO] [pyani.scripts.subcommands.subcmd_anim]: Generating ANIm command-lines
[INFO] [pyani.scripts.subcommands.subcmd_anim]: Compiling genomes for comparison
[INFO] [pyani.scripts.subcommands.subcmd_anim]: Compiling pairwise comparisons (this can take time for large datasets)...
[INFO] [pyani.scripts.subcommands.subcmd_anim]: 	...total pairwise comparisons to be performed: 136
[INFO] [pyani.scripts.subcommands.subcmd_anim]: Checking database for existing comparison data...
[INFO] [pyani.scripts.subcommands.subcmd_anim]: 	...after check, still need to run 136 comparisons
[INFO] [pyani.scripts.subcommands.subcmd_anim]: Creating NUCmer jobs for ANIm
[INFO] [pyani.scripts.subcommands.subcmd_anim]: Results not found for 136 comparisons; 136 new jobs built.
[INFO] [pyani.scripts.subcommands.subcmd_anim]: Running jobs with multiprocessing
[INFO] [pyani.scripts.subcommands.subcmd_anim]: Multiprocessing run completed without error
[INFO] [pyani.scripts.subcommands.subcmd_anim]: ...jobs complete
[INFO] [pyani.scripts.subcommands.subcmd_anim]: Adding comparison results to database...
[INFO] [pyani.scripts.subcommands.subcmd_anim]: ...database updated.
[INFO] [pyani.scripts.pyani_script]: Completed. Time taken: 639.114
